<?xml version="1.0" encoding="UTF-8"?>
<testsuite xmlns:xsi="http://www.w3.org/2001/XMLSchema-instance" xsi:noNamespaceSchemaLocation="https://maven.apache.org/surefire/maven-surefire-plugin/xsd/surefire-test-report.xsd" version="3.0.2" name="com.apitesting.tests.DemoqaTest" time="9.157" tests="3" errors="0" skipped="0" failures="0">
  <properties>
[...]
</properties>
  <testcase name="BookDetails" classname="com.apitesting.tests.DemoqaTest" time="6.28">
    <system-err><![CDATA[[main] INFO com.apitesting.support.reports.Logger - [INFO] String Client
[main] ERROR io.qameta.allure.AllureLifecycle - Could not start step: no test case running
[main] ERROR io.qameta.allure.AllureLifecycle - Could not stop step: step with uuid c5a89322-7457-4156-ac45-89a4c7c09f1a not found
[main] INFO com.apitesting.support.reports.Logger - [INFO] Generating Token
[main] INFO com.apitesting.support.reports.Logger - [INFO] Token Generated Successfully
[main] INFO com.apitesting.support.reports.Logger - [INFO] Storing generated Token
[main] INFO com.apitesting.support.reports.Logger - [INFO] Token Generated: : [SENSITIVE]
[main] INFO com.apitesting.support.reports.Logger - [INFO] Fetching Book Details
[main] INFO com.apitesting.support.reports.Logger - [INFO] Successfully Book Details
]]></system-err>
  </testcase>
  <testcase name="userGenerateToken" classname="com.apitesting.tests.DemoqaTest" time="2.012">
    <system-err><![CDATA[[main] INFO com.apitesting.support.reports.Logger - [INFO] Generating Token
[main] INFO com.apitesting.support.reports.Logger - [INFO] Token Generated Successfully
]]></system-err>
  </testcase>
  <testcase name="userGenerate" classname="com.apitesting.tests.DemoqaTest" time="0.662">
    <system-err><![CDATA[[main] INFO com.apitesting.support.reports.Logger - [INFO] Collecting User Data
[main] INFO com.apitesting.support.reports.Logger - [INFO] User already exists
[main] INFO com.apitesting.support.reports.Logger - [INFO] Successfully Collected User Data
]]></system-err>
  </testcase>
</testsuite>